<?xml version="1.0" encoding="UTF-8"?>
<testng-results skipped="0" failed="0" total="2" passed="2">
  <reporter-output>
  </reporter-output>
  <suite name="Default suite" duration-ms="1857" started-at="2015-08-20T01:58:18Z" finished-at="2015-08-20T01:58:20Z">
    <groups>
    </groups>
    <test name="Default test" duration-ms="1857" started-at="2015-08-20T01:58:18Z" finished-at="2015-08-20T01:58:20Z">
      <class name="com.toon.dubboTest.PassportInterface.run.UserTest">
        <test-method status="PASS" signature="init()[pri:0, instance:com.toon.dubboTest.PassportInterface.run.UserTest@1e001eba]" name="init" is-config="true" duration-ms="7" started-at="2015-08-20T09:58:18Z" finished-at="2015-08-20T09:58:18Z">
          <reporter-output>
          </reporter-output>
        </test-method> <!-- init -->
        <test-method status="PASS" signature="springTestContextPrepareTestInstance()[pri:0, instance:com.toon.dubboTest.PassportInterface.run.UserTest@1e001eba]" name="springTestContextPrepareTestInstance" is-config="true" duration-ms="1549" started-at="2015-08-20T09:58:18Z" depends-on-methods="org.springframework.test.context.testng.AbstractTestNGSpringContextTests.springTestContextBeforeTestClass" finished-at="2015-08-20T09:58:20Z">
          <reporter-output>
          </reporter-output>
        </test-method> <!-- springTestContextPrepareTestInstance -->
        <test-method status="PASS" signature="springTestContextBeforeTestClass()[pri:0, instance:com.toon.dubboTest.PassportInterface.run.UserTest@1e001eba]" name="springTestContextBeforeTestClass" is-config="true" duration-ms="0" started-at="2015-08-20T09:58:18Z" finished-at="2015-08-20T09:58:18Z">
          <reporter-output>
          </reporter-output>
        </test-method> <!-- springTestContextBeforeTestClass -->
        <test-method status="PASS" signature="springTestContextBeforeTestMethod(java.lang.reflect.Method)[pri:0, instance:com.toon.dubboTest.PassportInterface.run.UserTest@1e001eba]" name="springTestContextBeforeTestMethod" is-config="true" duration-ms="0" started-at="2015-08-20T09:58:20Z" finished-at="2015-08-20T09:58:20Z">
          <params>
            <param index="0">
              <value>
                <![CDATA[public void com.toon.dubboTest.PassportInterface.run.UserTest.testUpdateUserInfo(java.lang.String,java.lang.String,java.lang.String,java.lang.String,java.lang.String,java.lang.String,java.lang.String)]]>
              </value>
            </param>
          </params>
          <reporter-output>
          </reporter-output>
        </test-method> <!-- springTestContextBeforeTestMethod -->
        <test-method status="PASS" signature="testUpdateUserInfo(java.lang.String, java.lang.String, java.lang.String, java.lang.String, java.lang.String, java.lang.String, java.lang.String)[pri:0, instance:com.toon.dubboTest.PassportInterface.run.UserTest@1e001eba]" name="testUpdateUserInfo" duration-ms="207" started-at="2015-08-20T09:58:20Z" description="updatePassword" data-provider="user_updateUserInfo" finished-at="2015-08-20T09:58:20Z">
          <params>
            <param index="0">
              <value>
                <![CDATA[1]]>
              </value>
            </param>
            <param index="1">
              <value>
                <![CDATA[更新用户信息]]>
              </value>
            </param>
            <param index="2">
              <value>
                <![CDATA[updateUserInfo]]>
              </value>
            </param>
            <param index="3">
              <value>
                <![CDATA[13581535754]]>
              </value>
            </param>
            <param index="4">
              <value>
                <![CDATA[19890402]]>
              </value>
            </param>
            <param index="5">
              <value>
                <![CDATA[hyx@msn.com]]>
              </value>
            </param>
            <param index="6">
              <value>
                <![CDATA["email":"hyx@msn.com".*"birthday":"19890402"]]>
              </value>
            </param>
          </params>
          <reporter-output>
          </reporter-output>
        </test-method> <!-- testUpdateUserInfo -->
        <test-method status="PASS" signature="springTestContextAfterTestMethod(java.lang.reflect.Method)[pri:0, instance:com.toon.dubboTest.PassportInterface.run.UserTest@1e001eba]" name="springTestContextAfterTestMethod" is-config="true" duration-ms="1" started-at="2015-08-20T09:58:20Z" finished-at="2015-08-20T09:58:20Z">
          <params>
            <param index="0">
              <value>
                <![CDATA[public void com.toon.dubboTest.PassportInterface.run.UserTest.testUpdateUserInfo(java.lang.String,java.lang.String,java.lang.String,java.lang.String,java.lang.String,java.lang.String,java.lang.String)]]>
              </value>
            </param>
          </params>
          <reporter-output>
          </reporter-output>
        </test-method> <!-- springTestContextAfterTestMethod -->
        <test-method status="PASS" signature="springTestContextBeforeTestMethod(java.lang.reflect.Method)[pri:0, instance:com.toon.dubboTest.PassportInterface.run.UserTest@1e001eba]" name="springTestContextBeforeTestMethod" is-config="true" duration-ms="1" started-at="2015-08-20T09:58:20Z" finished-at="2015-08-20T09:58:20Z">
          <params>
            <param index="0">
              <value>
                <![CDATA[public void com.toon.dubboTest.PassportInterface.run.UserTest.testUpdateUserInfo(java.lang.String,java.lang.String,java.lang.String,java.lang.String,java.lang.String,java.lang.String,java.lang.String)]]>
              </value>
            </param>
          </params>
          <reporter-output>
          </reporter-output>
        </test-method> <!-- springTestContextBeforeTestMethod -->
        <test-method status="PASS" signature="testUpdateUserInfo(java.lang.String, java.lang.String, java.lang.String, java.lang.String, java.lang.String, java.lang.String, java.lang.String)[pri:0, instance:com.toon.dubboTest.PassportInterface.run.UserTest@1e001eba]" name="testUpdateUserInfo" duration-ms="63" started-at="2015-08-20T09:58:20Z" description="updatePassword" data-provider="user_updateUserInfo" finished-at="2015-08-20T09:58:20Z">
          <params>
            <param index="0">
              <value>
                <![CDATA[2]]>
              </value>
            </param>
            <param index="1">
              <value>
                <![CDATA[用户修改密码]]>
              </value>
            </param>
            <param index="2">
              <value>
                <![CDATA[updateUserInfo]]>
              </value>
            </param>
            <param index="3">
              <value>
                <![CDATA[13581535754]]>
              </value>
            </param>
            <param index="4">
              <value>
                <![CDATA[19840314]]>
              </value>
            </param>
            <param index="5">
              <value>
                <![CDATA[haoyuexun@126.com]]>
              </value>
            </param>
            <param index="6">
              <value>
                <![CDATA["email":"haoyuexun@126.com".*"birthday":"19840314"]]>
              </value>
            </param>
          </params>
          <reporter-output>
          </reporter-output>
        </test-method> <!-- testUpdateUserInfo -->
        <test-method status="PASS" signature="springTestContextAfterTestClass()[pri:0, instance:com.toon.dubboTest.PassportInterface.run.UserTest@1e001eba]" name="springTestContextAfterTestClass" is-config="true" duration-ms="7" started-at="2015-08-20T09:58:20Z" finished-at="2015-08-20T09:58:20Z">
          <reporter-output>
          </reporter-output>
        </test-method> <!-- springTestContextAfterTestClass -->
        <test-method status="PASS" signature="springTestContextAfterTestMethod(java.lang.reflect.Method)[pri:0, instance:com.toon.dubboTest.PassportInterface.run.UserTest@1e001eba]" name="springTestContextAfterTestMethod" is-config="true" duration-ms="0" started-at="2015-08-20T09:58:20Z" finished-at="2015-08-20T09:58:20Z">
          <params>
            <param index="0">
              <value>
                <![CDATA[public void com.toon.dubboTest.PassportInterface.run.UserTest.testUpdateUserInfo(java.lang.String,java.lang.String,java.lang.String,java.lang.String,java.lang.String,java.lang.String,java.lang.String)]]>
              </value>
            </param>
          </params>
          <reporter-output>
          </reporter-output>
        </test-method> <!-- springTestContextAfterTestMethod -->
        <test-method status="PASS" signature="destroy()[pri:0, instance:com.toon.dubboTest.PassportInterface.run.UserTest@1e001eba]" name="destroy" is-config="true" duration-ms="1" started-at="2015-08-20T09:58:20Z" finished-at="2015-08-20T09:58:20Z">
          <reporter-output>
          </reporter-output>
        </test-method> <!-- destroy -->
      </class> <!-- com.toon.dubboTest.PassportInterface.run.UserTest -->
    </test> <!-- Default test -->
  </suite> <!-- Default suite -->
</testng-results>
