<?xml version="1.0" encoding="UTF-8"?>
<!-- Generated by org.testng.reporters.JUnitXMLReporter -->
<testsuite hostname="SYS-20150706ACK" name="Default test" tests="2" failures="0" timestamp="20 Aug 2015 01:58:20 GMT" time="1.857" errors="0">
  <testcase name="testUpdateUserInfo" time="0.207" classname="com.toon.dubboTest.PassportInterface.run.UserTest"/>
  <testcase name="testUpdateUserInfo" time="0.063" classname="com.toon.dubboTest.PassportInterface.run.UserTest"/>
</testsuite> <!-- Default test -->
